<?xml version="1.0" encoding="UTF-8"?>
<robot generator="Robot 5.0.1 (Python 3.10.8 on win32)" generated="20221028 09:35:57.298" rpa="false" schemaversion="3">
<suite id="s1" name="amazon testes Gherkin" source="C:\Users\vithor_vilas\Documents\RobotFramework\WebTesting\amazon_testes Gherkin.robot">
<test id="s1-t1" name="Caso de Teste 01 - Acesso ao menu &quot;Eletrônicos&quot;" line="9">
<kw name="Abrir o navegador" library="amazon_resources" type="SETUP">
<kw name="Open Browser" library="SeleniumLibrary">
<arg>browser=chrome</arg>
<doc>Opens a new browser instance to the optional ``url``.</doc>
<msg timestamp="20221028 09:35:57.458" level="INFO">Opening browser 'chrome' to base url 'None'.</msg>
<status status="PASS" starttime="20221028 09:35:57.458" endtime="20221028 09:35:58.569"/>
</kw>
<kw name="Maximize Browser Window" library="SeleniumLibrary">
<doc>Maximizes current browser window.</doc>
<status status="PASS" starttime="20221028 09:35:58.569" endtime="20221028 09:35:58.726"/>
</kw>
<status status="PASS" starttime="20221028 09:35:57.458" endtime="20221028 09:35:58.726"/>
</kw>
<kw name="Dado que estou na home page da Amazon.com.br" library="amazon_resources">
<kw name="Acessar o home page do site Amazon.com.br" library="amazon_resources">
<kw name="Go To" library="SeleniumLibrary">
<arg>url=${URL}</arg>
<doc>Navigates the current browser window to the provided ``url``.</doc>
<msg timestamp="20221028 09:35:58.727" level="INFO">Opening url 'http://www.amazon.com.br'</msg>
<status status="PASS" starttime="20221028 09:35:58.727" endtime="20221028 09:35:59.473"/>
</kw>
<kw name="Wait Until Element Is Visible" library="SeleniumLibrary">
<arg>locator=${MENU_MAISVENDIDOS}</arg>
<doc>Waits until the element ``locator`` is visible.</doc>
<msg timestamp="20221028 09:36:04.781" level="INFO" html="true">&lt;/td&gt;&lt;/tr&gt;&lt;tr&gt;&lt;td colspan="3"&gt;&lt;a href="selenium-screenshot-4.png"&gt;&lt;img src="selenium-screenshot-4.png" width="800px"&gt;&lt;/a&gt;</msg>
<msg timestamp="20221028 09:36:04.781" level="FAIL">Element '//a[contains(.,'Mais Vendidos')]' not visible after 5 seconds.</msg>
<status status="FAIL" starttime="20221028 09:35:59.473" endtime="20221028 09:36:04.781"/>
</kw>
<status status="FAIL" starttime="20221028 09:35:58.726" endtime="20221028 09:36:04.781"/>
</kw>
<kw name="Verificar se o título da página fica &quot;Amazon.com.br | Tudo pra você, de A a Z.&quot;" library="amazon_resources" sourcename="Verificar se o título da página fica &quot;${TITLE}&quot;">
<status status="NOT RUN" starttime="20221028 09:36:04.781" endtime="20221028 09:36:04.781"/>
</kw>
<status status="FAIL" starttime="20221028 09:35:58.726" endtime="20221028 09:36:04.781"/>
</kw>
<kw name="Quando acessar o menu &quot;Eletrônicos&quot;" library="amazon_resources">
<status status="NOT RUN" starttime="20221028 09:36:04.781" endtime="20221028 09:36:04.781"/>
</kw>
<kw name="Então o título da página deve ficar &quot;Eletrônicos e Tecnologia | Amazon.com.br&quot;" library="amazon_resources">
<status status="NOT RUN" starttime="20221028 09:36:04.781" endtime="20221028 09:36:04.781"/>
</kw>
<kw name="E a categoria &quot;Computadores e Informática&quot; deve ser exibida na página" library="amazon_resources">
<status status="NOT RUN" starttime="20221028 09:36:04.781" endtime="20221028 09:36:04.781"/>
</kw>
<kw name="Fechar o navegador" library="amazon_resources" type="TEARDOWN">
<kw name="Capture Page Screenshot" library="SeleniumLibrary">
<doc>Takes a screenshot of the current page and embeds it into a log file.</doc>
<msg timestamp="20221028 09:36:05.058" level="INFO" html="true">&lt;/td&gt;&lt;/tr&gt;&lt;tr&gt;&lt;td colspan="3"&gt;&lt;a href="selenium-screenshot-5.png"&gt;&lt;img src="selenium-screenshot-5.png" width="800px"&gt;&lt;/a&gt;</msg>
<status status="PASS" starttime="20221028 09:36:04.781" endtime="20221028 09:36:05.058"/>
</kw>
<kw name="Close Browser" library="SeleniumLibrary">
<doc>Closes the current browser.</doc>
<status status="PASS" starttime="20221028 09:36:05.058" endtime="20221028 09:36:07.135"/>
</kw>
<status status="PASS" starttime="20221028 09:36:04.781" endtime="20221028 09:36:07.135"/>
</kw>
<doc>esse teste verifica o menu "eletronicos"
da Amazon</doc>
<tag>menus categorias</tag>
<status status="FAIL" starttime="20221028 09:35:57.442" endtime="20221028 09:36:07.135">Element '//a[contains(.,'Mais Vendidos')]' not visible after 5 seconds.</status>
</test>
<test id="s1-t2" name=" Caso de Teste 02 - Pesquisa por um produto" line="19">
<kw name="Abrir o navegador" library="amazon_resources" type="SETUP">
<kw name="Open Browser" library="SeleniumLibrary">
<arg>browser=chrome</arg>
<doc>Opens a new browser instance to the optional ``url``.</doc>
<msg timestamp="20221028 09:36:07.135" level="INFO">Opening browser 'chrome' to base url 'None'.</msg>
<status status="PASS" starttime="20221028 09:36:07.135" endtime="20221028 09:36:08.222"/>
</kw>
<kw name="Maximize Browser Window" library="SeleniumLibrary">
<doc>Maximizes current browser window.</doc>
<status status="PASS" starttime="20221028 09:36:08.222" endtime="20221028 09:36:08.354"/>
</kw>
<status status="PASS" starttime="20221028 09:36:07.135" endtime="20221028 09:36:08.354"/>
</kw>
<kw name="Dado que estou na home page da Amazon.com.br" library="amazon_resources">
<kw name="Acessar o home page do site Amazon.com.br" library="amazon_resources">
<kw name="Go To" library="SeleniumLibrary">
<arg>url=${URL}</arg>
<doc>Navigates the current browser window to the provided ``url``.</doc>
<msg timestamp="20221028 09:36:08.357" level="INFO">Opening url 'http://www.amazon.com.br'</msg>
<status status="PASS" starttime="20221028 09:36:08.356" endtime="20221028 09:36:09.885"/>
</kw>
<kw name="Wait Until Element Is Visible" library="SeleniumLibrary">
<arg>locator=${MENU_MAISVENDIDOS}</arg>
<doc>Waits until the element ``locator`` is visible.</doc>
<status status="PASS" starttime="20221028 09:36:09.885" endtime="20221028 09:36:09.924"/>
</kw>
<status status="PASS" starttime="20221028 09:36:08.356" endtime="20221028 09:36:09.924"/>
</kw>
<kw name="Verificar se o título da página fica &quot;Amazon.com.br | Tudo pra você, de A a Z.&quot;" library="amazon_resources" sourcename="Verificar se o título da página fica &quot;${TITLE}&quot;">
<kw name="Title Should Be" library="SeleniumLibrary">
<arg>title=${TITLE}</arg>
<doc>Verifies that the current page title equals ``title``.</doc>
<msg timestamp="20221028 09:36:09.929" level="INFO">Page title is 'Amazon.com.br | Tudo pra você, de A a Z.'.</msg>
<status status="PASS" starttime="20221028 09:36:09.925" endtime="20221028 09:36:09.929"/>
</kw>
<status status="PASS" starttime="20221028 09:36:09.924" endtime="20221028 09:36:09.929"/>
</kw>
<status status="PASS" starttime="20221028 09:36:08.356" endtime="20221028 09:36:09.929"/>
</kw>
<kw name="Quando pesquisar pelo produto &quot;Xbox Series S&quot;" library="amazon_resources">
<kw name="Digitar o nome do produto &quot;Xbox series S&quot; no campo de pesquisa" library="amazon_resources" sourcename="Digitar o nome do produto &quot;${PRODUTO}&quot; no campo de pesquisa">
<kw name="Input Text" library="SeleniumLibrary">
<arg>locator=twotabsearchtextbox</arg>
<arg>text=${PRODUTO}</arg>
<doc>Types the given ``text`` into the text field identified by ``locator``.</doc>
<msg timestamp="20221028 09:36:09.930" level="INFO">Typing text 'Xbox series S' into text field 'twotabsearchtextbox'.</msg>
<status status="PASS" starttime="20221028 09:36:09.930" endtime="20221028 09:36:10.063"/>
</kw>
<status status="PASS" starttime="20221028 09:36:09.929" endtime="20221028 09:36:10.063"/>
</kw>
<kw name="Clicar no botão de pesquisa" library="amazon_resources">
<kw name="Click Element" library="SeleniumLibrary">
<arg>locator=nav-search-submit-button</arg>
<doc>Click the element identified by ``locator``.</doc>
<msg timestamp="20221028 09:36:10.064" level="INFO">Clicking element 'nav-search-submit-button'.</msg>
<status status="PASS" starttime="20221028 09:36:10.064" endtime="20221028 09:36:10.171"/>
</kw>
<status status="PASS" starttime="20221028 09:36:10.064" endtime="20221028 09:36:10.171"/>
</kw>
<status status="PASS" starttime="20221028 09:36:09.929" endtime="20221028 09:36:10.172"/>
</kw>
<kw name="Então o título da página deve ficar &quot;Amazon.com.br : Xbox Series S&quot;" library="amazon_resources">
<kw name="Verificar se aparece a frase &quot;Xbox Series S&quot;" library="amazon_resources" sourcename="verificar se aparece a frase &quot;${FRASE}&quot;">
<kw name="Wait Until Page Contains" library="SeleniumLibrary">
<arg>text=${FRASE}</arg>
<doc>Waits until ``text`` appears on the current page.</doc>
<status status="PASS" starttime="20221028 09:36:10.174" endtime="20221028 09:36:11.077"/>
</kw>
<status status="PASS" starttime="20221028 09:36:10.173" endtime="20221028 09:36:11.077"/>
</kw>
<status status="PASS" starttime="20221028 09:36:10.172" endtime="20221028 09:36:11.077"/>
</kw>
<kw name="E um produto da linha &quot;Xbox Series S&quot; deve ser mostrado na página" library="amazon_resources">
<kw name="Verificar o resultado da pesquisa se está listando o produto &quot;Console Xbox Series S&quot;" library="amazon_resources" sourcename="Verificar o resultado da pesquisa se está listando o produto &quot;${PRODUTO}&quot;">
<kw name="Wait Until Element Is Visible" library="SeleniumLibrary">
<arg>locator=(//span[contains(.,'${PRODUTO}')])[2]</arg>
<doc>Waits until the element ``locator`` is visible.</doc>
<status status="PASS" starttime="20221028 09:36:11.078" endtime="20221028 09:36:11.097"/>
</kw>
<status status="PASS" starttime="20221028 09:36:11.078" endtime="20221028 09:36:11.098"/>
</kw>
<status status="PASS" starttime="20221028 09:36:11.077" endtime="20221028 09:36:11.098"/>
</kw>
<kw name="Fechar o navegador" library="amazon_resources" type="TEARDOWN">
<kw name="Capture Page Screenshot" library="SeleniumLibrary">
<doc>Takes a screenshot of the current page and embeds it into a log file.</doc>
<msg timestamp="20221028 09:36:11.505" level="INFO" html="true">&lt;/td&gt;&lt;/tr&gt;&lt;tr&gt;&lt;td colspan="3"&gt;&lt;a href="selenium-screenshot-6.png"&gt;&lt;img src="selenium-screenshot-6.png" width="800px"&gt;&lt;/a&gt;</msg>
<status status="PASS" starttime="20221028 09:36:11.098" endtime="20221028 09:36:11.505"/>
</kw>
<kw name="Close Browser" library="SeleniumLibrary">
<doc>Closes the current browser.</doc>
<status status="PASS" starttime="20221028 09:36:11.506" endtime="20221028 09:36:13.607"/>
</kw>
<status status="PASS" starttime="20221028 09:36:11.098" endtime="20221028 09:36:13.607"/>
</kw>
<doc>Esse teste verifica a busca de um produto</doc>
<tag>busca_produtos</tag>
<tag>lista_busca</tag>
<status status="PASS" starttime="20221028 09:36:07.135" endtime="20221028 09:36:13.607"/>
</test>
<doc>Essa suite esta o site da Amazon.com.br</doc>
<status status="FAIL" starttime="20221028 09:35:57.298" endtime="20221028 09:36:13.610"/>
</suite>
<statistics>
<total>
<stat pass="1" fail="1" skip="0">All Tests</stat>
</total>
<tag>
<stat pass="1" fail="0" skip="0">busca_produtos</stat>
<stat pass="1" fail="0" skip="0">lista_busca</stat>
<stat pass="0" fail="1" skip="0">menus categorias</stat>
</tag>
<suite>
<stat pass="1" fail="1" skip="0" id="s1" name="amazon testes Gherkin">amazon testes Gherkin</stat>
</suite>
</statistics>
<errors>
</errors>
</robot>
